This is pdfTeX, Version 3.14159265-2.6-1.40.16 (TeX Live 2015/Arch Linux) (preloaded format=pdflatex 2015.11.16)  5 JUL 2016 14:01
entering extended mode
 \write18 enabled.
 %&-line parsing enabled.
**paper.tex -o paper.pdf
(./paper.tex
LaTeX2e <2015/10/01> patch level 2
Babel <3.9m> and hyphenation patterns for 79 languages loaded.
(/usr/share/texmf-dist/tex/latex/elsarticle/elsarticle.cls
Document Class: elsarticle 2009/09/17, 1.2.0: Elsevier Ltd
\@bls=\dimen102
(/usr/share/texmf-dist/tex/latex/base/article.cls
Document Class: article 2014/09/29 v1.4h Standard LaTeX document class
(/usr/share/texmf-dist/tex/latex/base/size10.clo
File: size10.clo 2014/09/29 v1.4h Standard LaTeX file (size option)
)
\c@part=\count79
\c@section=\count80
\c@subsection=\count81
\c@subsubsection=\count82
\c@paragraph=\count83
\c@subparagraph=\count84
\c@figure=\count85
\c@table=\count86
\abovecaptionskip=\skip41
\belowcaptionskip=\skip42
\bibindent=\dimen103
)
(/usr/share/texmf-dist/tex/latex/graphics/graphicx.sty
Package: graphicx 2014/10/28 v1.0g Enhanced LaTeX Graphics (DPC,SPQR)

(/usr/share/texmf-dist/tex/latex/graphics/keyval.sty
Package: keyval 2014/10/28 v1.15 key=value parser (DPC)
\KV@toks@=\toks14
)
(/usr/share/texmf-dist/tex/latex/graphics/graphics.sty
Package: graphics 2014/10/28 v1.0p Standard LaTeX Graphics (DPC,SPQR)

(/usr/share/texmf-dist/tex/latex/graphics/trig.sty
Package: trig 1999/03/16 v1.09 sin cos tan (DPC)
)
(/usr/share/texmf-dist/tex/latex/latexconfig/graphics.cfg
File: graphics.cfg 2010/04/23 v1.9 graphics configuration of TeX Live
)
Package graphics Info: Driver file: pdftex.def on input line 94.

(/usr/share/texmf-dist/tex/latex/pdftex-def/pdftex.def
File: pdftex.def 2011/05/27 v0.06d Graphics/color for pdfTeX

(/usr/share/texmf-dist/tex/generic/oberdiek/infwarerr.sty
Package: infwarerr 2010/04/08 v1.3 Providing info/warning/error messages (HO)
)
(/usr/share/texmf-dist/tex/generic/oberdiek/ltxcmds.sty
Package: ltxcmds 2011/11/09 v1.22 LaTeX kernel commands for general use (HO)
)
\Gread@gobject=\count87
))
\Gin@req@height=\dimen104
\Gin@req@width=\dimen105
)
(/usr/share/texmf-dist/tex/latex/psnfss/pifont.sty
Package: pifont 2005/04/12 PSNFSS-v9.2a Pi font support (SPQR) 
LaTeX Font Info:    Try loading font information for U+pzd on input line 63.

(/usr/share/texmf-dist/tex/latex/psnfss/upzd.fd
File: upzd.fd 2001/06/04 font definitions for U/pzd.
)
LaTeX Font Info:    Try loading font information for U+psy on input line 64.

(/usr/share/texmf-dist/tex/latex/psnfss/upsy.fd
File: upsy.fd 2001/06/04 font definitions for U/psy.
))
\c@tnote=\count88
\c@fnote=\count89
\c@cnote=\count90
\c@ead=\count91
\c@author=\count92
\@eadauthor=\toks15
\c@affn=\count93
\absbox=\box26
\keybox=\box27
\Columnwidth=\dimen106
\space@left=\dimen107
\els@boxa=\box28
\els@boxb=\box29
\leftMargin=\dimen108
\@enLab=\toks16
\@sep=\skip43
\@@sep=\skip44
 (./paper.spl)
(/usr/share/texmf-dist/tex/latex/natbib/natbib.sty
Package: natbib 2010/09/13 8.31b (PWD, AO)
\bibhang=\skip45
\bibsep=\skip46
LaTeX Info: Redefining \cite on input line 694.
\c@NAT@ctr=\count94
)
\splwrite=\write3
\openout3 = `paper.spl'.


(/usr/share/texmf-dist/tex/latex/geometry/geometry.sty
Package: geometry 2010/09/12 v5.6 Page Geometry

(/usr/share/texmf-dist/tex/generic/oberdiek/ifpdf.sty
Package: ifpdf 2011/01/30 v2.3 Provides the ifpdf switch (HO)
Package ifpdf Info: pdfTeX in PDF mode is detected.
)
(/usr/share/texmf-dist/tex/generic/oberdiek/ifvtex.sty
Package: ifvtex 2010/03/01 v1.5 Detect VTeX and its facilities (HO)
Package ifvtex Info: VTeX not detected.
)
(/usr/share/texmf-dist/tex/generic/ifxetex/ifxetex.sty
Package: ifxetex 2010/09/12 v0.6 Provides ifxetex conditional
)
\Gm@cnth=\count95
\Gm@cntv=\count96
\c@Gm@tempcnt=\count97
\Gm@bindingoffset=\dimen109
\Gm@wd@mp=\dimen110
\Gm@odd@mp=\dimen111
\Gm@even@mp=\dimen112
\Gm@layoutwidth=\dimen113
\Gm@layoutheight=\dimen114
\Gm@layouthoffset=\dimen115
\Gm@layoutvoffset=\dimen116
\Gm@dimlist=\toks17
))
(/usr/share/texmf-dist/tex/latex/lineno/lineno.sty
Package: lineno 2005/11/02 line numbers on paragraphs v4.41
\linenopenalty=\count98
\output=\toks18
\linenoprevgraf=\count99
\linenumbersep=\dimen117
\linenumberwidth=\dimen118
\c@linenumber=\count100
\c@pagewiselinenumber=\count101
\c@LN@truepage=\count102
\c@internallinenumber=\count103
\c@internallinenumbers=\count104
\quotelinenumbersep=\dimen119
\bframerule=\dimen120
\bframesep=\dimen121
\bframebox=\box30
LaTeX Info: Redefining \\ on input line 3056.
)
(/usr/share/texmf-dist/tex/latex/hyperref/hyperref.sty
Package: hyperref 2012/11/06 v6.83m Hypertext links for LaTeX

(/usr/share/texmf-dist/tex/generic/oberdiek/hobsub-hyperref.sty
Package: hobsub-hyperref 2012/05/28 v1.13 Bundle oberdiek, subset hyperref (HO)


(/usr/share/texmf-dist/tex/generic/oberdiek/hobsub-generic.sty
Package: hobsub-generic 2012/05/28 v1.13 Bundle oberdiek, subset generic (HO)
Package: hobsub 2012/05/28 v1.13 Construct package bundles (HO)
Package hobsub Info: Skipping package `infwarerr' (already loaded).
Package hobsub Info: Skipping package `ltxcmds' (already loaded).
Package: ifluatex 2010/03/01 v1.3 Provides the ifluatex switch (HO)
Package ifluatex Info: LuaTeX not detected.
Package hobsub Info: Skipping package `ifvtex' (already loaded).
Package: intcalc 2007/09/27 v1.1 Expandable calculations with integers (HO)
Package hobsub Info: Skipping package `ifpdf' (already loaded).
Package: etexcmds 2011/02/16 v1.5 Avoid name clashes with e-TeX commands (HO)
Package etexcmds Info: Could not find \expanded.
(etexcmds)             That can mean that you are not using pdfTeX 1.50 or
(etexcmds)             that some package has redefined \expanded.
(etexcmds)             In the latter case, load this package earlier.
Package: kvsetkeys 2012/04/25 v1.16 Key value parser (HO)
Package: kvdefinekeys 2011/04/07 v1.3 Define keys (HO)
Package: pdftexcmds 2011/11/29 v0.20 Utility functions of pdfTeX for LuaTeX (HO
)
Package pdftexcmds Info: LuaTeX not detected.
Package pdftexcmds Info: \pdf@primitive is available.
Package pdftexcmds Info: \pdf@ifprimitive is available.
Package pdftexcmds Info: \pdfdraftmode found.
Package: pdfescape 2011/11/25 v1.13 Implements pdfTeX's escape features (HO)
Package: bigintcalc 2012/04/08 v1.3 Expandable calculations on big integers (HO
)
Package: bitset 2011/01/30 v1.1 Handle bit-vector datatype (HO)
Package: uniquecounter 2011/01/30 v1.2 Provide unlimited unique counter (HO)
)
Package hobsub Info: Skipping package `hobsub' (already loaded).
Package: letltxmacro 2010/09/02 v1.4 Let assignment for LaTeX macros (HO)
Package: hopatch 2012/05/28 v1.2 Wrapper for package hooks (HO)
Package: xcolor-patch 2011/01/30 xcolor patch
Package: atveryend 2011/06/30 v1.8 Hooks at the very end of document (HO)
Package atveryend Info: \enddocument detected (standard20110627).
Package: atbegshi 2011/10/05 v1.16 At begin shipout hook (HO)
Package: refcount 2011/10/16 v3.4 Data extraction from label references (HO)
Package: hycolor 2011/01/30 v1.7 Color options for hyperref/bookmark (HO)
)
(/usr/share/texmf-dist/tex/latex/oberdiek/auxhook.sty
Package: auxhook 2011/03/04 v1.3 Hooks for auxiliary files (HO)
)
(/usr/share/texmf-dist/tex/latex/oberdiek/kvoptions.sty
Package: kvoptions 2011/06/30 v3.11 Key value format for package options (HO)
)
\@linkdim=\dimen122
\Hy@linkcounter=\count105
\Hy@pagecounter=\count106

(/usr/share/texmf-dist/tex/latex/hyperref/pd1enc.def
File: pd1enc.def 2012/11/06 v6.83m Hyperref: PDFDocEncoding definition (HO)
)
\Hy@SavedSpaceFactor=\count107

(/usr/share/texmf-dist/tex/latex/latexconfig/hyperref.cfg
File: hyperref.cfg 2002/06/06 v1.2 hyperref configuration of TeXLive
)
Package hyperref Info: Hyper figures OFF on input line 4443.
Package hyperref Info: Link nesting OFF on input line 4448.
Package hyperref Info: Hyper index ON on input line 4451.
Package hyperref Info: Plain pages OFF on input line 4458.
Package hyperref Info: Backreferencing OFF on input line 4463.
Package hyperref Info: Implicit mode ON; LaTeX internals redefined.
Package hyperref Info: Bookmarks ON on input line 4688.
\c@Hy@tempcnt=\count108

(/usr/share/texmf-dist/tex/latex/url/url.sty
\Urlmuskip=\muskip10
Package: url 2013/09/16  ver 3.4  Verb mode for urls, etc.
)
LaTeX Info: Redefining \url on input line 5041.
\XeTeXLinkMargin=\dimen123
\Fld@menulength=\count109
\Field@Width=\dimen124
\Fld@charsize=\dimen125
Package hyperref Info: Hyper figures OFF on input line 6295.
Package hyperref Info: Link nesting OFF on input line 6300.
Package hyperref Info: Hyper index ON on input line 6303.
Package hyperref Info: backreferencing OFF on input line 6310.
Package hyperref Info: Link coloring OFF on input line 6315.
Package hyperref Info: Link coloring with OCG OFF on input line 6320.
Package hyperref Info: PDF/A mode OFF on input line 6325.
LaTeX Info: Redefining \ref on input line 6365.
LaTeX Info: Redefining \pageref on input line 6369.
\Hy@abspage=\count110
\c@Item=\count111
\c@Hfootnote=\count112
)

Package hyperref Message: Driver (autodetected): hpdftex.

(/usr/share/texmf-dist/tex/latex/hyperref/hpdftex.def
File: hpdftex.def 2012/11/06 v6.83m Hyperref driver for pdfTeX
\Fld@listcount=\count113
\c@bookmark@seq@number=\count114

(/usr/share/texmf-dist/tex/latex/oberdiek/rerunfilecheck.sty
Package: rerunfilecheck 2011/04/15 v1.7 Rerun checks for auxiliary files (HO)
Package uniquecounter Info: New unique counter `rerunfilecheck' on input line 2
82.
)
\Hy@SectionHShift=\skip47
)
(/usr/share/texmf-dist/tex/latex/amsmath/amsmath.sty
Package: amsmath 2013/01/14 v2.14 AMS math features
\@mathmargin=\skip48

For additional information on amsmath, use the `?' option.
(/usr/share/texmf-dist/tex/latex/amsmath/amstext.sty
Package: amstext 2000/06/29 v2.01

(/usr/share/texmf-dist/tex/latex/amsmath/amsgen.sty
File: amsgen.sty 1999/11/30 v2.0
\@emptytoks=\toks19
\ex@=\dimen126
))
(/usr/share/texmf-dist/tex/latex/amsmath/amsbsy.sty
Package: amsbsy 1999/11/29 v1.2d
\pmbraise@=\dimen127
)
(/usr/share/texmf-dist/tex/latex/amsmath/amsopn.sty
Package: amsopn 1999/12/14 v2.01 operator names
)
\inf@bad=\count115
LaTeX Info: Redefining \frac on input line 210.
\uproot@=\count116
\leftroot@=\count117
LaTeX Info: Redefining \overline on input line 306.
\classnum@=\count118
\DOTSCASE@=\count119
LaTeX Info: Redefining \ldots on input line 378.
LaTeX Info: Redefining \dots on input line 381.
LaTeX Info: Redefining \cdots on input line 466.
\Mathstrutbox@=\box31
\strutbox@=\box32
\big@size=\dimen128
LaTeX Font Info:    Redeclaring font encoding OML on input line 566.
LaTeX Font Info:    Redeclaring font encoding OMS on input line 567.
\macc@depth=\count120
\c@MaxMatrixCols=\count121
\dotsspace@=\muskip11
\c@parentequation=\count122
\dspbrk@lvl=\count123
\tag@help=\toks20
\row@=\count124
\column@=\count125
\maxfields@=\count126
\andhelp@=\toks21
\eqnshift@=\dimen129
\alignsep@=\dimen130
\tagshift@=\dimen131
\tagwidth@=\dimen132
\totwidth@=\dimen133
\lineht@=\dimen134
\@envbody=\toks22
\multlinegap=\skip49
\multlinetaggap=\skip50
\mathdisplay@stack=\toks23
LaTeX Info: Redefining \[ on input line 2665.
LaTeX Info: Redefining \] on input line 2666.
)
(/usr/share/texmf-dist/tex/latex/amsfonts/amssymb.sty
Package: amssymb 2013/01/14 v3.01 AMS font symbols

(/usr/share/texmf-dist/tex/latex/amsfonts/amsfonts.sty
Package: amsfonts 2013/01/14 v3.01 Basic AMSFonts support
\symAMSa=\mathgroup4
\symAMSb=\mathgroup5
LaTeX Font Info:    Overwriting math alphabet `\mathfrak' in version `bold'
(Font)                  U/euf/m/n --> U/euf/b/n on input line 106.
))
(/usr/share/texmf-dist/tex/latex/jknapltx/mathbbol.sty
Package: mathbbol 1995/01/01
\symbbold=\mathgroup6
)
(/usr/share/texmf-dist/tex/latex/subfig/subfig.sty
Package: subfig 2005/06/28 ver: 1.3 subfig package

(/usr/share/texmf-dist/tex/latex/caption/caption.sty
Package: caption 2015/09/17 v3.3-111 Customizing captions (AR)

(/usr/share/texmf-dist/tex/latex/caption/caption3.sty
Package: caption3 2015/09/20 v1.7-115 caption3 kernel (AR)
Package caption3 Info: TeX engine: e-TeX on input line 57.
\captionmargin=\dimen135
\captionmargin@=\dimen136
\captionwidth=\dimen137
\caption@tempdima=\dimen138
\caption@indent=\dimen139
\caption@parindent=\dimen140
\caption@hangindent=\dimen141
)
\c@ContinuedFloat=\count127
Package caption Info: hyperref package is loaded.
)
\c@KVtest=\count128
\sf@farskip=\skip51
\sf@captopadj=\dimen142
\sf@capskip=\skip52
\sf@nearskip=\skip53
\c@subfigure=\count129
\c@subfigure@save=\count130
\c@lofdepth=\count131
\c@subtable=\count132
\c@subtable@save=\count133
\c@lotdepth=\count134
\sf@top=\skip54
\sf@bottom=\skip55
)
(/usr/share/texmf-dist/tex/latex/wrapfig/wrapfig.sty
\wrapoverhang=\dimen143
\WF@size=\dimen144
\c@WF@wrappedlines=\count135
\WF@box=\box33
\WF@everypar=\toks24
Package: wrapfig 2003/01/31  v 3.6
)
(/usr/share/texmf-dist/tex/latex/tools/enumerate.sty
Package: enumerate 2015/07/23 v3.00 enumerate extensions (DPC)
\@enLab=\toks25
)
(/usr/share/texmf-dist/tex/latex/tools/bm.sty
Package: bm 2014/10/28 v1.1c Bold Symbol Support (DPC/FMi)
\symboldoperators=\mathgroup7
\symboldletters=\mathgroup8
\symboldsymbols=\mathgroup9
LaTeX Font Info:    Redeclaring math alphabet \mathbf on input line 141.
LaTeX Info: Redefining \bm on input line 207.
)
(/usr/share/texmf-dist/tex/latex/graphics/color.sty
Package: color 2014/10/28 v1.1a Standard LaTeX Color (DPC)

(/usr/share/texmf-dist/tex/latex/latexconfig/color.cfg
File: color.cfg 2007/01/18 v1.5 color configuration of teTeX/TeXLive
)
Package color Info: Driver file: pdftex.def on input line 142.
)
(/usr/share/texmf-dist/tex/latex/multirow/multirow.sty
\bigstrutjot=\dimen145
) (./paper.aux)
\openout1 = `paper.aux'.

LaTeX Font Info:    Checking defaults for OML/cmm/m/it on input line 25.
LaTeX Font Info:    ... okay on input line 25.
LaTeX Font Info:    Checking defaults for T1/cmr/m/n on input line 25.
LaTeX Font Info:    ... okay on input line 25.
LaTeX Font Info:    Checking defaults for OT1/cmr/m/n on input line 25.
LaTeX Font Info:    ... okay on input line 25.
LaTeX Font Info:    Checking defaults for OMS/cmsy/m/n on input line 25.
LaTeX Font Info:    ... okay on input line 25.
LaTeX Font Info:    Checking defaults for OMX/cmex/m/n on input line 25.
LaTeX Font Info:    ... okay on input line 25.
LaTeX Font Info:    Checking defaults for U/cmr/m/n on input line 25.
LaTeX Font Info:    ... okay on input line 25.
LaTeX Font Info:    Checking defaults for PD1/pdf/m/n on input line 25.
LaTeX Font Info:    ... okay on input line 25.

(/usr/share/texmf-dist/tex/context/base/supp-pdf.mkii
[Loading MPS to PDF converter (version 2006.09.02).]
\scratchcounter=\count136
\scratchdimen=\dimen146
\scratchbox=\box34
\nofMPsegments=\count137
\nofMParguments=\count138
\everyMPshowfont=\toks26
\MPscratchCnt=\count139
\MPscratchDim=\dimen147
\MPnumerator=\count140
\makeMPintoPDFobject=\count141
\everyMPtoPDFconversion=\toks27
) (/usr/share/texmf-dist/tex/latex/oberdiek/epstopdf-base.sty
Package: epstopdf-base 2010/02/09 v2.5 Base part for package epstopdf

(/usr/share/texmf-dist/tex/latex/oberdiek/grfext.sty
Package: grfext 2010/08/19 v1.1 Manage graphics extensions (HO)
)
Package grfext Info: Graphics extension search list:
(grfext)             [.png,.pdf,.jpg,.mps,.jpeg,.jbig2,.jb2,.PNG,.PDF,.JPG,.JPE
G,.JBIG2,.JB2,.eps]
(grfext)             \AppendGraphicsExtensions on input line 452.

(/usr/share/texmf-dist/tex/latex/latexconfig/epstopdf-sys.cfg
File: epstopdf-sys.cfg 2010/07/13 v1.3 Configuration of (r)epstopdf for TeX Liv
e
))
*geometry* driver: auto-detecting
*geometry* detected driver: pdftex
*geometry* verbose mode - [ preamble ] result:
* driver: pdftex
* paper: custom
* layout: <same size as paper>
* layoutoffset:(h,v)=(0.0pt,0.0pt)
* hratio: 1:1
* vratio: 1:1
* modes: 
* h-part:(L,W,R)=(64.75394pt, 468.0pt, 64.75394pt)
* v-part:(T,H,B)=(111.52342pt, 622.0pt, 111.52342pt)
* \paperwidth=597.50787pt
* \paperheight=845.04684pt
* \textwidth=468.0pt
* \textheight=622.0pt
* \oddsidemargin=-7.51605pt
* \evensidemargin=-7.51605pt
* \topmargin=-22.74657pt
* \headheight=50.0pt
* \headsep=12.0pt
* \topskip=10.0pt
* \footskip=18.0pt
* \marginparwidth=65.0pt
* \marginparsep=11.0pt
* \columnsep=24.0pt
* \skip\footins=24.0pt plus 2.0pt minus 12.0pt
* \hoffset=0.0pt
* \voffset=0.0pt
* \mag=1000
* \@twocolumnfalse
* \@twosidefalse
* \@mparswitchfalse
* \@reversemarginfalse
* (1in=72.27pt=25.4mm, 1cm=28.453pt)

\AtBeginShipoutBox=\box35
Package hyperref Info: Link coloring OFF on input line 25.
(/usr/share/texmf-dist/tex/latex/hyperref/nameref.sty
Package: nameref 2012/10/27 v2.43 Cross-referencing by name of section

(/usr/share/texmf-dist/tex/generic/oberdiek/gettitlestring.sty
Package: gettitlestring 2010/12/03 v1.4 Cleanup title references (HO)
)
\c@section@level=\count142
)
LaTeX Info: Redefining \ref on input line 25.
LaTeX Info: Redefining \pageref on input line 25.
LaTeX Info: Redefining \nameref on input line 25.
 (./paper.out)
(./paper.out)
\@outlinefile=\write4
\openout4 = `paper.out'.

Package caption Info: Begin \AtBeginDocument code.
Package caption Info: subfig package v1.3 is loaded.
Package caption Info: wrapfig package is loaded.
Package caption Info: End \AtBeginDocument code.
LaTeX Font Info:    Try loading font information for U+msa on input line 48.
 (/usr/share/texmf-dist/tex/latex/amsfonts/umsa.fd
File: umsa.fd 2013/01/14 v3.01 AMS symbols A
)
LaTeX Font Info:    Try loading font information for U+msb on input line 48.

(/usr/share/texmf-dist/tex/latex/amsfonts/umsb.fd
File: umsb.fd 2013/01/14 v3.01 AMS symbols B
)
LaTeX Font Info:    Try loading font information for U+bbold on input line 48.

(/usr/share/texmf-dist/tex/latex/bbold/Ubbold.fd)
Missing character: There is no Ã in font cmr10!
Missing character: There is no © in font cmr10!
LaTeX Font Info:    Try loading font information for OMS+cmr on input line 56.

(/usr/share/texmf-dist/tex/latex/base/omscmr.fd
File: omscmr.fd 2014/09/29 v2.5h Standard LaTeX font definitions
)
LaTeX Font Info:    Font shape `OMS/cmr/m/n' in size <10> not available
(Font)              Font shape `OMS/cmsy/m/n' tried instead on input line 56.
 [1

{/var/lib/texmf/fonts/map/pdftex/updmap/pdftex.map}]
Missing character: There is no Ã in font cmr10!
Missing character: There is no © in font cmr10!
Missing character: There is no Ã in font cmr10!
Missing character: There is no © in font cmr10!


LaTeX Font Warning: Command \footnotesize invalid in math mode on input line 10
8.

LaTeX Font Info:    Calculating math sizes for size <> on input line 113.

LaTeX Font Warning: Font shape `OT1/cmr/m/n' in size <> not available
(Font)              size <5> substituted on input line 113.


LaTeX Font Warning: Font shape `OT1/cmr/m/n' in size <0.7> not available
(Font)              size <5> substituted on input line 113.


LaTeX Font Warning: Font shape `OT1/cmr/m/n' in size <0.5> not available
(Font)              size <5> substituted on input line 113.


LaTeX Font Warning: Font shape `OML/cmm/m/it' in size <> not available
(Font)              size <5> substituted on input line 113.


LaTeX Font Warning: Font shape `OML/cmm/m/it' in size <0.7> not available
(Font)              size <5> substituted on input line 113.


LaTeX Font Warning: Font shape `OML/cmm/m/it' in size <0.5> not available
(Font)              size <5> substituted on input line 113.


LaTeX Font Warning: Font shape `OMS/cmsy/m/n' in size <> not available
(Font)              size <5> substituted on input line 113.


LaTeX Font Warning: Font shape `OMS/cmsy/m/n' in size <0.7> not available
(Font)              size <5> substituted on input line 113.


LaTeX Font Warning: Font shape `OMS/cmsy/m/n' in size <0.5> not available
(Font)              size <5> substituted on input line 113.


LaTeX Font Warning: Font shape `U/bbold/m/n' in size <> not available
(Font)              size <5> substituted on input line 113.


LaTeX Font Warning: Font shape `U/bbold/m/n' in size <0.7> not available
(Font)              size <5> substituted on input line 113.


LaTeX Font Warning: Font shape `U/bbold/m/n' in size <0.5> not available
(Font)              size <5> substituted on input line 113.


LaTeX Font Warning: Font shape `OT1/cmr/bx/n' in size <> not available
(Font)              size <5> substituted on input line 113.


LaTeX Font Warning: Font shape `OT1/cmr/bx/n' in size <0.7> not available
(Font)              size <5> substituted on input line 113.


LaTeX Font Warning: Font shape `OT1/cmr/bx/n' in size <0.5> not available
(Font)              size <5> substituted on input line 113.


LaTeX Font Warning: Font shape `OML/cmm/b/it' in size <> not available
(Font)              size <5> substituted on input line 113.


LaTeX Font Warning: Font shape `OML/cmm/b/it' in size <0.7> not available
(Font)              size <5> substituted on input line 113.


LaTeX Font Warning: Font shape `OML/cmm/b/it' in size <0.5> not available
(Font)              size <5> substituted on input line 113.


LaTeX Font Warning: Font shape `OMS/cmsy/b/n' in size <> not available
(Font)              size <5> substituted on input line 113.


LaTeX Font Warning: Font shape `OMS/cmsy/b/n' in size <0.7> not available
(Font)              size <5> substituted on input line 113.


LaTeX Font Warning: Font shape `OMS/cmsy/b/n' in size <0.5> not available
(Font)              size <5> substituted on input line 113.


LaTeX Font Warning: Command \footnotesize invalid in math mode on input line 12
9.

[2]
Missing character: There is no Ã in font cmr10!
Missing character: There is no © in font cmr10!
Missing character: There is no Ã in font cmr10!
Missing character: There is no © in font cmr10!
 <pic/clip_quality1.png, id=150, 620.3175pt x 688.5725pt>
File: pic/clip_quality1.png Graphic file (type png)

<use pic/clip_quality1.png>
Package pdftex.def Info: pic/clip_quality1.png used on input line 151.
(pdftex.def)             Requested size: 210.59857pt x 233.76482pt.

<pic/clip_quality2.png, id=151, 626.34pt x 685.56125pt>
File: pic/clip_quality2.png Graphic file (type png)

<use pic/clip_quality2.png>
Package pdftex.def Info: pic/clip_quality2.png used on input line 152.
(pdftex.def)             Requested size: 210.59857pt x 230.51437pt.
 [3]
<pic/clip_figure0.png, id=162, 578.16pt x 433.62pt>
File: pic/clip_figure0.png Graphic file (type png)
 <use pic/clip_figure0.png>
Package pdftex.def Info: pic/clip_figure0.png used on input line 177.
(pdftex.def)             Requested size: 145.07886pt x 108.80833pt.

<pic/clip_figure1.png, id=164, 578.16pt x 433.62pt>
File: pic/clip_figure1.png Graphic file (type png)
 <use pic/clip_figure1.png>
Package pdftex.def Info: pic/clip_figure1.png used on input line 178.
(pdftex.def)             Requested size: 145.07886pt x 108.80833pt.

<pic/clip_figure2.png, id=165, 578.16pt x 433.62pt>
File: pic/clip_figure2.png Graphic file (type png)
 <use pic/clip_figure2.png>
Package pdftex.def Info: pic/clip_figure2.png used on input line 179.
(pdftex.def)             Requested size: 145.07886pt x 108.80833pt.

<pic/clip_figure3.png, id=166, 578.16pt x 433.62pt>
File: pic/clip_figure3.png Graphic file (type png)
 <use pic/clip_figure3.png>
Package pdftex.def Info: pic/clip_figure3.png used on input line 180.
(pdftex.def)             Requested size: 145.07886pt x 108.80833pt.

<pic/clip_figure4.png, id=167, 578.16pt x 433.62pt>
File: pic/clip_figure4.png Graphic file (type png)
 <use pic/clip_figure4.png>
Package pdftex.def Info: pic/clip_figure4.png used on input line 181.
(pdftex.def)             Requested size: 145.07886pt x 108.80833pt.

<pic/clip_figure5.png, id=168, 578.16pt x 433.62pt>
File: pic/clip_figure5.png Graphic file (type png)
 <use pic/clip_figure5.png>
Package pdftex.def Info: pic/clip_figure5.png used on input line 182.
(pdftex.def)             Requested size: 145.07886pt x 108.80833pt.

<pic/clip_figure16.png, id=169, 578.16pt x 433.62pt>
File: pic/clip_figure16.png Graphic file (type png)

<use pic/clip_figure16.png>
Package pdftex.def Info: pic/clip_figure16.png used on input line 183.
(pdftex.def)             Requested size: 145.07886pt x 108.80833pt.

<pic/clip_figure26.png, id=170, 578.16pt x 433.62pt>
File: pic/clip_figure26.png Graphic file (type png)

<use pic/clip_figure26.png>
Package pdftex.def Info: pic/clip_figure26.png used on input line 184.
(pdftex.def)             Requested size: 145.07886pt x 108.80833pt.

<pic/clip_figure33.png, id=171, 578.16pt x 433.62pt>
File: pic/clip_figure33.png Graphic file (type png)

<use pic/clip_figure33.png>
Package pdftex.def Info: pic/clip_figure33.png used on input line 185.
(pdftex.def)             Requested size: 145.07886pt x 108.80833pt.

<pic/clip_figure34.png, id=172, 578.16pt x 433.62pt>
File: pic/clip_figure34.png Graphic file (type png)

<use pic/clip_figure34.png>
Package pdftex.def Info: pic/clip_figure34.png used on input line 186.
(pdftex.def)             Requested size: 145.07886pt x 108.80833pt.

<pic/cvt_for_paper0.png, id=174, 578.16pt x 433.62pt>
File: pic/cvt_for_paper0.png Graphic file (type png)

<use pic/cvt_for_paper0.png>
Package pdftex.def Info: pic/cvt_for_paper0.png used on input line 198.
(pdftex.def)             Requested size: 145.07886pt x 108.80833pt.

<pic/cvt_for_paper1.png, id=175, 578.16pt x 433.62pt>
File: pic/cvt_for_paper1.png Graphic file (type png)

<use pic/cvt_for_paper1.png>
Package pdftex.def Info: pic/cvt_for_paper1.png used on input line 199.
(pdftex.def)             Requested size: 145.07886pt x 108.80833pt.

<pic/cvt_for_paper2.png, id=176, 578.16pt x 433.62pt>
File: pic/cvt_for_paper2.png Graphic file (type png)

<use pic/cvt_for_paper2.png>
Package pdftex.def Info: pic/cvt_for_paper2.png used on input line 200.
(pdftex.def)             Requested size: 145.07886pt x 108.80833pt.

<pic/cvt_for_paper3.png, id=177, 578.16pt x 433.62pt>
File: pic/cvt_for_paper3.png Graphic file (type png)

<use pic/cvt_for_paper3.png>
Package pdftex.def Info: pic/cvt_for_paper3.png used on input line 201.
(pdftex.def)             Requested size: 145.07886pt x 108.80833pt.

<pic/cvt_for_paper4.png, id=178, 578.16pt x 433.62pt>
File: pic/cvt_for_paper4.png Graphic file (type png)

<use pic/cvt_for_paper4.png>
Package pdftex.def Info: pic/cvt_for_paper4.png used on input line 202.
(pdftex.def)             Requested size: 145.07886pt x 108.80833pt.

<pic/cvt_for_paper5.png, id=179, 578.16pt x 433.62pt>
File: pic/cvt_for_paper5.png Graphic file (type png)

<use pic/cvt_for_paper5.png>
Package pdftex.def Info: pic/cvt_for_paper5.png used on input line 203.
(pdftex.def)             Requested size: 145.07886pt x 108.80833pt.

<pic/ln_cube_e.png, id=181, 412.54124pt x 349.305pt>
File: pic/ln_cube_e.png Graphic file (type png)
 <use pic/ln_cube_e.png>
Package pdftex.def Info: pic/ln_cube_e.png used on input line 213.
(pdftex.def)             Requested size: 145.07886pt x 122.83954pt.

<pic/ln_cube.png, id=182, 718.3638pt x 737.8767pt>
File: pic/ln_cube.png Graphic file (type png)
 <use pic/ln_cube.png>
Package pdftex.def Info: pic/ln_cube.png used on input line 214.
(pdftex.def)             Requested size: 145.07886pt x 149.01389pt.

<pic/ln_r_cube.png, id=183, 718.3638pt x 737.8767pt>
File: pic/ln_r_cube.png Graphic file (type png)
 <use pic/ln_r_cube.png>
Package pdftex.def Info: pic/ln_r_cube.png used on input line 215.
(pdftex.def)             Requested size: 145.07886pt x 149.01389pt.

<pic/ln_mobile_e.png, id=184, 340.27126pt x 479.7925pt>
File: pic/ln_mobile_e.png Graphic file (type png)

<use pic/ln_mobile_e.png>
Package pdftex.def Info: pic/ln_mobile_e.png used on input line 216.
(pdftex.def)             Requested size: 145.07886pt x 204.56433pt.
 <pic/ln_mobile.png, id=185, 718.3638pt x 737.8767pt>
File: pic/ln_mobile.png Graphic file (type png)

<use pic/ln_mobile.png>
Package pdftex.def Info: pic/ln_mobile.png used on input line 217.
(pdftex.def)             Requested size: 145.07886pt x 149.01389pt.
 <pic/ln_r_mobile.png, id=186, 718.3638pt x 737.8767pt>
File: pic/ln_r_mobile.png Graphic file (type png)

<use pic/ln_r_mobile.png>
Package pdftex.def Info: pic/ln_r_mobile.png used on input line 218.
(pdftex.def)             Requested size: 145.07886pt x 149.01389pt.

<pic/ln_bear_e.png, id=187, 455.7025pt x 647.41875pt>
File: pic/ln_bear_e.png Graphic file (type png)
 <use pic/ln_bear_e.png>
Package pdftex.def Info: pic/ln_bear_e.png used on input line 219.
(pdftex.def)             Requested size: 145.07886pt x 206.11131pt.

<pic/ln_bear.png, id=188, 718.3638pt x 737.8767pt>
File: pic/ln_bear.png Graphic file (type png)
 <use pic/ln_bear.png>
Package pdftex.def Info: pic/ln_bear.png used on input line 220.
(pdftex.def)             Requested size: 145.07886pt x 149.01389pt.

<pic/ln_r_bear.png, id=189, 718.3638pt x 737.8767pt>
File: pic/ln_r_bear.png Graphic file (type png)
 <use pic/ln_r_bear.png>
Package pdftex.def Info: pic/ln_r_bear.png used on input line 221.
(pdftex.def)             Requested size: 145.07886pt x 149.01389pt.


LaTeX Warning: Float too large for page by 29.68947pt on input line 224.

[4 <./pic/clip_quality1.png> <./pic/clip_quality2.png>] [5 <./pic/clip_figure0.
png> <./pic/clip_figure1.png> <./pic/clip_figure2.png> <./pic/clip_figure3.png>
 <./pic/clip_figure4.png> <./pic/clip_figure5.png> <./pic/clip_figure16.png> <.
/pic/clip_figure26.png> <./pic/clip_figure33.png> <./pic/clip_figure34.png>]
[6 <./pic/cvt_for_paper0.png> <./pic/cvt_for_paper1.png> <./pic/cvt_for_paper2.
png> <./pic/cvt_for_paper3.png> <./pic/cvt_for_paper4.png> <./pic/cvt_for_paper
5.png>] [7 <./pic/ln_cube_e.png> <./pic/ln_cube.png> <./pic/ln_r_cube.png> <./p
ic/ln_mobile_e.png> <./pic/ln_mobile.png> <./pic/ln_r_mobile.png> <./pic/ln_bea
r_e.png> <./pic/ln_bear.png> <./pic/ln_r_bear.png>]
<pic/ship_ori.png, id=269, 473.3685pt x 473.3685pt>
File: pic/ship_ori.png Graphic file (type png)
 <use pic/ship_ori.png>
Package pdftex.def Info: pic/ship_ori.png used on input line 254.
(pdftex.def)             Requested size: 60.65343pt x 60.65163pt.

<pic/ship_cym.png, id=270, 473.3685pt x 473.3685pt>
File: pic/ship_cym.png Graphic file (type png)
 <use pic/ship_cym.png>
Package pdftex.def Info: pic/ship_cym.png used on input line 255.
(pdftex.def)             Requested size: 60.65343pt x 60.65163pt.

<pic/ship_ac.png, id=271, 473.3685pt x 473.3685pt>
File: pic/ship_ac.png Graphic file (type png)
 <use pic/ship_ac.png>
Package pdftex.def Info: pic/ship_ac.png used on input line 256.
(pdftex.def)             Requested size: 60.65343pt x 60.65163pt.

<pic/ship_ac_tex.png, id=272, 473.3685pt x 473.3685pt>
File: pic/ship_ac_tex.png Graphic file (type png)

<use pic/ship_ac_tex.png>
Package pdftex.def Info: pic/ship_ac_tex.png used on input line 257.
(pdftex.def)             Requested size: 60.65343pt x 60.65163pt.

<pic/rabbit_ori.png, id=273, 473.3685pt x 473.3685pt>
File: pic/rabbit_ori.png Graphic file (type png)
 <use pic/rabbit_ori.png>
Package pdftex.def Info: pic/rabbit_ori.png used on input line 269.
(pdftex.def)             Requested size: 71.35312pt x 71.3489pt.

<pic/rabbit_cym.png, id=274, 473.3685pt x 473.3685pt>
File: pic/rabbit_cym.png Graphic file (type png)
 <use pic/rabbit_cym.png>
Package pdftex.def Info: pic/rabbit_cym.png used on input line 270.
(pdftex.def)             Requested size: 71.35312pt x 71.3489pt.

<pic/rabbit_ac.png, id=275, 473.3685pt x 473.3685pt>
File: pic/rabbit_ac.png Graphic file (type png)
 <use pic/rabbit_ac.png>
Package pdftex.def Info: pic/rabbit_ac.png used on input line 271.
(pdftex.def)             Requested size: 71.35312pt x 71.3489pt.

<pic/rabbit_ac_tex.png, id=276, 473.3685pt x 473.3685pt>
File: pic/rabbit_ac_tex.png Graphic file (type png)

<use pic/rabbit_ac_tex.png>
Package pdftex.def Info: pic/rabbit_ac_tex.png used on input line 272.
(pdftex.def)             Requested size: 71.35312pt x 71.3489pt.


LaTeX Warning: Reference `tab:compare' on page 8 undefined on input line 285.

<pic/snail1.png, id=284, 738.76pt x 592.2125pt>
File: pic/snail1.png Graphic file (type png)
 <use pic/snail1.png>
Package pdftex.def Info: pic/snail1.png used on input line 289.
(pdftex.def)             Requested size: 210.59857pt x 168.81845pt.

<pic/snail2.png, id=285, 738.76pt x 592.2125pt>
File: pic/snail2.png Graphic file (type png)
 <use pic/snail2.png>
Package pdftex.def Info: pic/snail2.png used on input line 290.
(pdftex.def)             Requested size: 210.59857pt x 168.81845pt.


Package caption Warning: The option `hypcap=true' will be ignored for this
(caption)                particular \caption on input line 298.
See the caption package documentation for explanation.


Package caption Warning: The option `hypcap=true' will be ignored for this
(caption)                particular \caption on input line 316.
See the caption package documentation for explanation.

[8 <./pic/ship_ori.png> <./pic/ship_cym.png> <./pic/ship_ac.png> <./pic/ship_ac
_tex.png> <./pic/rabbit_ori.png> <./pic/rabbit_cym.png> <./pic/rabbit_ac.png> <
./pic/rabbit_ac_tex.png>]

LaTeX Warning: Reference `fig:error' on page 9 undefined on input line 347.


LaTeX Warning: Reference `fig:error' on page 9 undefined on input line 350.


LaTeX Warning: Reference `tab:error_vertex' on page 9 undefined on input line 3
53.


LaTeX Warning: Reference `tab:error_volume' on page 9 undefined on input line 3
53.


LaTeX Warning: Reference `fig:error' on page 9 undefined on input line 357.


LaTeX Warning: Reference `tab:error_vertex' on page 9 undefined on input line 3
57.


LaTeX Warning: Reference `tab:error_volume' on page 9 undefined on input line 3
57.

[9 <./pic/snail1.png> <./pic/snail2.png>] (./paper.bbl [10]
Underfull \hbox (badness 2799) in paragraph at lines 100--103
[]\OT1/cmr/m/n/8 C. Chua, U. Neu-mann, Hardware-Accelerated Free-Form De-for-ma
-tion, in: Pro-ceed-ings of the ACM SIG-
 []

)
Package atveryend Info: Empty hook `BeforeClearDocument' on input line 388.
 [11]
Package atveryend Info: Empty hook `AfterLastShipout' on input line 388.
 (./paper.aux)
Package atveryend Info: Executing hook `AtVeryEndDocument' on input line 388.
Package atveryend Info: Executing hook `AtEndAfterFileList' on input line 388.
Package rerunfilecheck Info: File `paper.out' has not changed.
(rerunfilecheck)             Checksum: 5B06BF9E55E74F4B5616577F821E54C8;1011.


LaTeX Font Warning: Size substitutions with differences
(Font)              up to 4.5pt have occurred.


LaTeX Warning: There were undefined references.

Package atveryend Info: Empty hook `AtVeryVeryEnd' on input line 388.
 ) 
Here is how much of TeX's memory you used:
 9034 strings out of 493054
 132292 string characters out of 6140585
 234783 words of memory out of 5000000
 12262 multiletter control sequences out of 15000+600000
 17762 words of font info for 69 fonts, out of 8000000 for 9000
 1141 hyphenation exceptions out of 8191
 44i,12n,47p,1118b,513s stack positions out of 5000i,500n,10000p,200000b,80000s
</usr/share/texmf-dist/fonts/type1/public/amsfonts/cm/cmbx10.pfb></usr/share/
texmf-dist/fonts/type1/public/amsfonts/cm/cmbx8.pfb></usr/share/texmf-dist/font
s/type1/public/amsfonts/cmextra/cmex8.pfb></usr/share/texmf-dist/fonts/type1/pu
blic/amsfonts/cm/cmmi10.pfb></usr/share/texmf-dist/fonts/type1/public/amsfonts/
cm/cmmi5.pfb></usr/share/texmf-dist/fonts/type1/public/amsfonts/cm/cmmi6.pfb></
usr/share/texmf-dist/fonts/type1/public/amsfonts/cm/cmmi7.pfb></usr/share/texmf
-dist/fonts/type1/public/amsfonts/cm/cmmi8.pfb></usr/share/texmf-dist/fonts/typ
e1/public/amsfonts/cm/cmr10.pfb></usr/share/texmf-dist/fonts/type1/public/amsfo
nts/cm/cmr12.pfb></usr/share/texmf-dist/fonts/type1/public/amsfonts/cm/cmr6.pfb
></usr/share/texmf-dist/fonts/type1/public/amsfonts/cm/cmr7.pfb></usr/share/tex
mf-dist/fonts/type1/public/amsfonts/cm/cmr8.pfb></usr/share/texmf-dist/fonts/ty
pe1/public/amsfonts/cm/cmsy10.pfb></usr/share/texmf-dist/fonts/type1/public/ams
fonts/cm/cmsy6.pfb></usr/share/texmf-dist/fonts/type1/public/amsfonts/cm/cmsy7.
pfb></usr/share/texmf-dist/fonts/type1/public/amsfonts/cm/cmsy8.pfb></usr/share
/texmf-dist/fonts/type1/public/amsfonts/cm/cmti10.pfb></usr/share/texmf-dist/fo
nts/type1/public/amsfonts/cm/cmti8.pfb></usr/share/texmf-dist/fonts/type1/publi
c/amsfonts/cm/cmtt8.pfb>
Output written on paper.pdf (11 pages, 3259878 bytes).
PDF statistics:
 450 PDF objects out of 1000 (max. 8388607)
 344 compressed objects within 4 object streams
 107 named destinations out of 1000 (max. 500000)
 306 words of extra memory for PDF output out of 10000 (max. 10000000)

